[2018-12-03T16:04:54.208] [INFO] default - EntryPositionController.entry() start
[2018-12-03T16:04:54.216] [INFO] default - FileWriteModel.write() start
[2018-12-03T16:04:54.217] [INFO] default - FileWriteModel.write() finish
[2018-12-03T16:04:54.217] [INFO] default - EntryPositionController.entry() finish
[2018-12-03T16:44:45.550] [INFO] default - SearchLatestPositionController.search() start
[2018-12-03T16:46:09.240] [INFO] default - SearchLatestPositionController.search() start
[2018-12-03T16:46:09.248] [INFO] default - LatestPositionModel.write() start
[2018-12-03T16:46:09.248] [INFO] default - LatestPositionModel.write() finish
[2018-12-03T16:46:09.249] [INFO] default - SearchLatestPositionController.search() finish
[2018-12-03T17:18:05.082] [INFO] default - SearchLatestPositionController.search() start
[2018-12-03T17:18:05.090] [INFO] default - LatestPositionModel.write() start
[2018-12-03T17:18:05.091] [INFO] default - LatestPositionModel.write() finish
[2018-12-03T17:18:05.092] [INFO] default - SearchLatestPositionController.search() finish
[2018-12-03T17:21:29.750] [INFO] default - SearchLatestPositionController.search() start
[2018-12-03T17:21:29.758] [INFO] default - LatestPositionModel.write() start
[2018-12-03T17:21:29.760] [INFO] default - LatestPositionModel.write() finish
[2018-12-03T17:21:29.761] [INFO] default - SearchLatestPositionController.search() finish
[2018-12-03T17:21:31.631] [INFO] default - SearchLatestPositionController.search() start
[2018-12-03T17:21:31.633] [INFO] default - LatestPositionModel.write() start
[2018-12-03T17:21:31.634] [INFO] default - LatestPositionModel.write() finish
[2018-12-03T17:21:31.635] [INFO] default - SearchLatestPositionController.search() finish
[2018-12-03T17:23:15.023] [INFO] default - SearchLatestPositionController.search() start
[2018-12-03T17:23:15.030] [INFO] default - LatestPositionModel.write() start
[2018-12-03T17:23:15.031] [INFO] default - LatestPositionModel.write() finish
[2018-12-03T17:23:15.032] [INFO] default - SearchLatestPositionController.search() finish
[2018-12-03T17:26:11.147] [INFO] default - SearchLatestPositionController.search() start
[2018-12-03T17:26:11.153] [INFO] default - LatestPositionModel.write() start
[2018-12-03T17:26:11.155] [INFO] default - LatestPositionModel.write() finish
[2018-12-03T17:26:11.155] [INFO] default - SearchLatestPositionController.search() finish
[2018-12-03T17:26:26.418] [INFO] default - SearchLatestPositionController.search() start
[2018-12-03T17:26:26.425] [INFO] default - LatestPositionModel.write() start
[2018-12-03T17:26:26.426] [INFO] default - LatestPositionModel.write() finish
[2018-12-03T17:26:26.427] [INFO] default - SearchLatestPositionController.search() finish
[2018-12-03T17:27:38.931] [INFO] default - SearchLatestPositionController.search() start
[2018-12-03T17:27:38.937] [INFO] default - LatestPositionModel.write() start
[2018-12-03T17:27:38.939] [INFO] default - LatestPositionModel.write() finish
[2018-12-03T17:27:38.940] [INFO] default - SearchLatestPositionController.search() finish
[2018-12-03T17:37:43.190] [INFO] default - SearchLatestPositionController.search() start
[2018-12-03T17:37:43.198] [INFO] default - LatestPositionModel.write() start
[2018-12-03T17:37:43.199] [INFO] default - LatestPositionModel.write() finish
[2018-12-03T17:37:43.200] [INFO] default - SearchLatestPositionController.search() finish
[2018-12-03T17:39:01.926] [INFO] default - SearchLatestPositionController.search() start
[2018-12-03T17:39:01.933] [INFO] default - LatestPositionModel.write() start
[2018-12-03T17:39:01.935] [INFO] default - LatestPositionModel.write() finish
[2018-12-03T17:39:01.935] [INFO] default - SearchLatestPositionController.search() finish
[2018-12-03T17:51:26.471] [INFO] default - SearchLatestPositionController.search() start
[2018-12-03T17:51:28.969] [INFO] default - LatestPositionModel.write() start
[2018-12-03T17:51:28.971] [INFO] default - LatestPositionModel.write() finish
[2018-12-03T17:51:28.972] [INFO] default - SearchLatestPositionController.search() finish
[2018-12-03T17:51:38.204] [INFO] default - SearchLatestPositionController.search() start
[2018-12-03T17:51:38.212] [INFO] default - LatestPositionModel.write() start
[2018-12-03T17:51:38.213] [INFO] default - LatestPositionModel.write() finish
[2018-12-03T17:51:38.214] [INFO] default - SearchLatestPositionController.search() finish
[2018-12-03T17:52:03.112] [INFO] default - SearchLatestPositionController.search() start
[2018-12-03T17:52:03.119] [INFO] default - LatestPositionModel.write() start
[2018-12-03T17:52:03.120] [INFO] default - LatestPositionModel.write() finish
[2018-12-03T17:52:03.121] [INFO] default - SearchLatestPositionController.search() finish
[2018-12-03T17:52:34.296] [INFO] default - SearchLatestPositionController.search() start
[2018-12-03T17:52:34.303] [INFO] default - LatestPositionModel.write() start
[2018-12-03T17:52:34.304] [INFO] default - LatestPositionModel.write() finish
[2018-12-03T17:52:34.305] [INFO] default - SearchLatestPositionController.search() finish
[2018-12-03T17:52:46.784] [INFO] default - SearchLatestPositionController.search() start
[2018-12-03T17:52:46.792] [INFO] default - LatestPositionModel.write() start
[2018-12-03T17:52:46.793] [INFO] default - LatestPositionModel.write() finish
[2018-12-03T17:52:46.793] [INFO] default - SearchLatestPositionController.search() finish
[2018-12-03T18:46:31.128] [INFO] default - SearchDevicesHistoryController.search() start
[2018-12-03T18:46:31.138] [INFO] default - DevicesHistoryModel.write() start
[2018-12-03T18:46:31.139] [INFO] default - DevicesHistoryModel.write() finish
[2018-12-03T18:46:31.139] [INFO] default - SearchDevicesHistoryController.search() finish
[2018-12-03T18:55:25.067] [INFO] default - SearchExistPositionController.search() start
[2018-12-03T18:55:25.074] [INFO] default - ExistPositionModel.write() start
[2018-12-03T18:55:25.075] [INFO] default - ExistPositionModel.write() finish
[2018-12-03T18:55:25.076] [INFO] default - SearchExistPositionController.search() finish
[2018-12-03T19:01:21.774] [INFO] default - SearchPositionHistoryController.search() start
[2018-12-03T19:01:21.782] [INFO] default - PositionHistoryModel.write() start
[2018-12-03T19:01:21.783] [INFO] default - PositionHistoryModel.write() finish
[2018-12-03T19:01:21.784] [INFO] default - SearchPositionHistoryController.search() finish
[2018-12-03T19:02:39.165] [INFO] default - SearchPositionHistoryController.search() start
[2018-12-03T19:02:39.173] [INFO] default - PositionHistoryModel.write() start
[2018-12-03T19:02:39.174] [INFO] default - PositionHistoryModel.write() finish
[2018-12-03T19:02:39.174] [INFO] default - SearchPositionHistoryController.search() finish
[2018-12-03T19:03:48.666] [INFO] default - SearchExistPositionController.search() start
[2018-12-03T19:03:48.672] [INFO] default - ExistPositionModel.write() start
[2018-12-03T19:03:48.673] [INFO] default - ExistPositionModel.write() finish
[2018-12-03T19:03:48.674] [INFO] default - SearchExistPositionController.search() finish
[2018-12-03T19:04:04.766] [INFO] default - SearchDevicesHistoryController.search() start
[2018-12-03T19:04:04.767] [INFO] default - DevicesHistoryModel.write() start
[2018-12-03T19:04:04.769] [INFO] default - DevicesHistoryModel.write() finish
[2018-12-03T19:04:04.770] [INFO] default - SearchDevicesHistoryController.search() finish
[2018-12-03T19:04:29.405] [INFO] default - SearchPositionHistoryController.search() start
[2018-12-03T19:04:29.407] [INFO] default - PositionHistoryModel.write() start
[2018-12-03T19:04:29.407] [INFO] default - PositionHistoryModel.write() finish
[2018-12-03T19:04:29.410] [INFO] default - SearchPositionHistoryController.search() finish
